<?xml version="1.0" encoding="UTF-8"?>
<testsuite xmlns:xsi="http://www.w3.org/2001/XMLSchema-instance" xsi:noNamespaceSchemaLocation="https://maven.apache.org/surefire/maven-surefire-plugin/xsd/surefire-test-report.xsd" name="toolkit.PerceptronTest" time="0.353" tests="1" errors="0" skipped="0" failures="1">
  <properties>
[...]
</properties>
  <testcase name="getWeightDelta" classname="toolkit.PerceptronTest" time="0.299">
    <failure message="expected: &lt;-0.261&gt; but was: &lt;-0.17400000000000002&gt;" type="org.opentest4j.AssertionFailedError"><![CDATA[org.opentest4j.AssertionFailedError: expected: <-0.261> but was: <-0.17400000000000002>
	at toolkit.PerceptronTest.getWeightDelta(PerceptronTest.java:18)
]]></failure>
  </testcase>
</testsuite>