-------------------------------------------------------------------------------
Test set: toolkit.PerceptronTest
-------------------------------------------------------------------------------
Tests run: 1, Failures: 1, Errors: 0, Skipped: 0, Time elapsed: 0.353 s <<< FAILURE! - in toolkit.PerceptronTest
getWeightDelta  Time elapsed: 0.299 s  <<< FAILURE!
org.opentest4j.AssertionFailedError: expected: <-0.261> but was: <-0.17400000000000002>
	at toolkit.PerceptronTest.getWeightDelta(PerceptronTest.java:18)

